Sun Sep 25 19:29:08 2022 - INFO  - Start environment preparation.
Sun Sep 25 19:32:33 2022 - INFO  - End of environmental preparation!
Sun Sep 25 19:32:34 2022 - INFO  - Start testing...
this BeforeAll
this BeforeEach
[showInfo]
this AfterEach
this BeforeEach
this AfterEach
this AfterAll

Thanks for using JUnit! Support its development at https://junit.org/sponsoring

[36mâ•·[0m
[36mâ”œâ”€[0m [36mJUnit Jupiter[0m [32mâœ”[0m
[36mâ”‚  â””â”€[0m [36mTestJunit5[0m [32mâœ”[0m
[36mâ”‚     â”œâ”€[0m [34mTestA(TestInfo)[0m [32mâœ”[0m
[36mâ”‚     â””â”€[0m [34mfirsttest[0m [32mâœ”[0m
[36mâ””â”€[0m [36mJUnit Vintage[0m [32mâœ”[0m

Test run finished after 2602 ms
[         3 containers found      ]
[         0 containers skipped    ]
[         3 containers started    ]
[         0 containers aborted    ]
[         3 containers successful ]
[         0 containers failed     ]
[         2 tests found           ]
[         0 tests skipped         ]
[         2 tests started         ]
[         0 tests aborted         ]
[         2 tests successful      ]
[         0 tests failed          ]

TestJunit5.java:26: error: cannot find symbol
    public void TestA(TestInfo info){
                      ^
  symbol:   class TestInfo
  location: class TestJunit5
TestJunit5.java:8: error: cannot find symbol
    @BeforeAll
     ^
  symbol:   class BeforeAll
  location: class TestJunit5
TestJunit5.java:12: error: cannot find symbol
    @BeforeEach
     ^
  symbol:   class BeforeEach
  location: class TestJunit5
TestJunit5.java:16: error: cannot find symbol
    @AfterAll
     ^
  symbol:   class AfterAll
  location: class TestJunit5
TestJunit5.java:20: error: cannot find symbol
    @AfterEach
     ^
  symbol:   class AfterEach
  location: class TestJunit5
TestJunit5.java:24: error: cannot find symbol
    @Test
     ^
  symbol:   class Test
  location: class TestJunit5
TestJunit5.java:25: error: cannot find symbol
    @Tag("showInfo")
     ^
  symbol:   class Tag
  location: class TestJunit5
TestJunit5.java:30: error: cannot find symbol
    @Test
     ^
  symbol:   class Test
  location: class TestJunit5
TestJunit5.java:31: error: cannot find symbol
    @DisplayName("firsttest")
     ^
  symbol:   class DisplayName
  location: class TestJunit5
9 errors
Sun Sep 25 19:33:20 2022 - INFO  - Finish test!
Sun Sep 25 19:33:21 2022 - INFO  - succeed to execute the case.
Sun Sep 25 19:33:22 2022 - INFO  - start environment cleanup.
Sun Sep 25 19:33:58 2022 - INFO  - Finish environment cleanup!
