Thu Nov 17 04:16:51 2022 - INFO  - Start to prepare the test environment.
Traceback (most recent call last):
  File "/home/brsf11/mugen-riscv/libs/locallibs/rpm_manage.py", line 29, in <module>
    import ssh_cmd
  File "/home/brsf11/mugen-riscv/libs/locallibs/ssh_cmd.py", line 23, in <module>
    import paramiko
ModuleNotFoundError: No module named 'paramiko'
Traceback (most recent call last):
  File "/home/brsf11/mugen-riscv/libs/locallibs/rpm_manage.py", line 29, in <module>
    import ssh_cmd
  File "/home/brsf11/mugen-riscv/libs/locallibs/ssh_cmd.py", line 23, in <module>
    import paramiko
ModuleNotFoundError: No module named 'paramiko'
A dependency job for firewalld.service failed. See 'journalctl -xe' for details.
Thu Nov 17 04:16:53 2022 - INFO  - End to prepare the test environment.
Thu Nov 17 04:16:54 2022 - INFO  - Start to run test.
Created symlink /etc/systemd/system/sshd-keygen@rsa.service â†’ /dev/null.
Error: DBUS_ERROR: Failed to connect to socket /run/dbus/system_bus_socket: No such file or directory
Thu Nov 17 04:16:59 2022 - ERROR - oe_test_server_openssh_secure.sh line 44
Error: DBUS_ERROR: Failed to connect to socket /run/dbus/system_bus_socket: No such file or directory
Thu Nov 17 04:17:02 2022 - ERROR - oe_test_server_openssh_secure.sh line 46
oe_test_server_openssh_secure.sh: line 49: update-crypto-policies: command not found
Thu Nov 17 04:17:02 2022 - ERROR - oe_test_server_openssh_secure.sh line 50
Thu Nov 17 04:17:03 2022 - INFO  - End to run test.
Thu Nov 17 04:17:04 2022 - ERROR - failed to execute the case.
Thu Nov 17 04:17:04 2022 - INFO  - Start to restore the test environment.
Thu Nov 17 04:17:08 2022 - INFO  - End to restore the test environment.
